# JRE version: OpenJDK Runtime Environment Corretto-11.0.15.9.1 (11.0.15+9) (build 11.0.15+9-LTS)
# Java VM: OpenJDK 64-Bit Server VM Corretto-11.0.15.9.1 (11.0.15+9-LTS, mixed mode, tiered, compressed oops, g1 gc, windows-amd64)
Heap:
 garbage-first heap   total 90112K, used 46137K [0x00000000a8400000, 0x0000000100000000)
  region size 1024K, 43 young (44032K), 6 survivors (6144K)
 Metaspace       used 32196K, capacity 32852K, committed 33072K, reserved 1079296K
  class space    used 3429K, capacity 3653K, committed 3712K, reserved 1048576K
GC Heap History (10 events):
Event: 2.369 GC heap before
{Heap before GC invocations=0 (full 0):
 garbage-first heap   total 90112K, used 13312K [0x00000000a8400000, 0x0000000100000000)
  region size 1024K, 14 young (14336K), 0 survivors (0K)
 Metaspace       used 11743K, capacity 12003K, committed 12288K, reserved 1060864K
  class space    used 1091K, capacity 1172K, committed 1280K, reserved 1048576K
}
Event: 2.383 GC heap after
{Heap after GC invocations=1 (full 0):
 garbage-first heap   total 90112K, used 3545K [0x00000000a8400000, 0x0000000100000000)
  region size 1024K, 2 young (2048K), 2 survivors (2048K)
 Metaspace       used 11743K, capacity 12003K, committed 12288K, reserved 1060864K
  class space    used 1091K, capacity 1172K, committed 1280K, reserved 1048576K
}
Event: 2.866 GC heap before
{Heap before GC invocations=1 (full 0):
 garbage-first heap   total 90112K, used 10713K [0x00000000a8400000, 0x0000000100000000)
  region size 1024K, 9 young (9216K), 2 survivors (2048K)
 Metaspace       used 13700K, capacity 13999K, committed 14336K, reserved 1062912K
  class space    used 1343K, capacity 1432K, committed 1536K, reserved 1048576K
}
Event: 2.875 GC heap after
{Heap after GC invocations=2 (full 0):
 garbage-first heap   total 90112K, used 4035K [0x00000000a8400000, 0x0000000100000000)
  region size 1024K, 1 young (1024K), 1 survivors (1024K)
 Metaspace       used 13700K, capacity 13999K, committed 14336K, reserved 1062912K
  class space    used 1343K, capacity 1432K, committed 1536K, reserved 1048576K
}
Event: 3.777 GC heap before
{Heap before GC invocations=2 (full 0):
 garbage-first heap   total 90112K, used 27587K [0x00000000a8400000, 0x0000000100000000)
  region size 1024K, 24 young (24576K), 1 survivors (1024K)
 Metaspace       used 15754K, capacity 15990K, committed 16000K, reserved 1062912K
  class space    used 1596K, capacity 1664K, committed 1664K, reserved 1048576K
}
Event: 3.784 GC heap after
{Heap after GC invocations=3 (full 0):
 garbage-first heap   total 90112K, used 4810K [0x00000000a8400000, 0x0000000100000000)
  region size 1024K, 2 young (2048K), 2 survivors (2048K)
 Metaspace       used 15754K, capacity 15990K, committed 16000K, reserved 1062912K
  class space    used 1596K, capacity 1664K, committed 1664K, reserved 1048576K
}
Event: 5.547 GC heap before
{Heap before GC invocations=3 (full 0):
 garbage-first heap   total 90112K, used 34506K [0x00000000a8400000, 0x0000000100000000)
  region size 1024K, 32 young (32768K), 2 survivors (2048K)
 Metaspace       used 20757K, capacity 21115K, committed 21296K, reserved 1069056K
  class space    used 2205K, capacity 2358K, committed 2432K, reserved 1048576K
}
Event: 5.567 GC heap after
{Heap after GC invocations=4 (full 0):
 garbage-first heap   total 90112K, used 6622K [0x00000000a8400000, 0x0000000100000000)
  region size 1024K, 3 young (3072K), 3 survivors (3072K)
 Metaspace       used 20757K, capacity 21115K, committed 21296K, reserved 1069056K
  class space    used 2205K, capacity 2358K, committed 2432K, reserved 1048576K
}
Event: 9.019 GC heap before
{Heap before GC invocations=5 (full 0):
 garbage-first heap   total 90112K, used 56798K [0x00000000a8400000, 0x0000000100000000)
  region size 1024K, 52 young (53248K), 3 survivors (3072K)
 Metaspace       used 22935K, capacity 23425K, committed 23728K, reserved 1071104K
  class space    used 2369K, capacity 2507K, committed 2560K, reserved 1048576K
}
Event: 9.043 GC heap after
{Heap after GC invocations=6 (full 0):
 garbage-first heap   total 90112K, used 9273K [0x00000000a8400000, 0x0000000100000000)
  region size 1024K, 6 young (6144K), 6 survivors (6144K)
 Metaspace       used 22935K, capacity 23425K, committed 23728K, reserved 1071104K
  class space    used 2369K, capacity 2507K, committed 2560K, reserved 1048576K
}

